Determining if the function sgemm_ exists failed with the following output:
Change Dir: /home/user/repos/intern_patrick_schuurman/uniLoggerMain/build/CMakeFiles/CMakeScratch/TryCompile-q7Bh6r

Run Build Command(s):/usr/bin/make -f Makefile cmTC_e0071/fast && /usr/bin/make  -f CMakeFiles/cmTC_e0071.dir/build.make CMakeFiles/cmTC_e0071.dir/build
make[1]: Entering directory '/home/user/repos/intern_patrick_schuurman/uniLoggerMain/build/CMakeFiles/CMakeScratch/TryCompile-q7Bh6r'
Building C object CMakeFiles/cmTC_e0071.dir/CheckFunctionExists.c.o
/usr/bin/cc   -DCHECK_FUNCTION_EXISTS=sgemm_ -o CMakeFiles/cmTC_e0071.dir/CheckFunctionExists.c.o -c /home/user/repos/intern_patrick_schuurman/uniLoggerMain/build/CMakeFiles/CMakeScratch/TryCompile-q7Bh6r/CheckFunctionExists.c
Linking C executable cmTC_e0071
/usr/local/bin/cmake -E cmake_link_script CMakeFiles/cmTC_e0071.dir/link.txt --verbose=1
/usr/bin/cc  -DCHECK_FUNCTION_EXISTS=sgemm_ CMakeFiles/cmTC_e0071.dir/CheckFunctionExists.c.o -o cmTC_e0071 
CMakeFiles/cmTC_e0071.dir/CheckFunctionExists.c.o: In function `main':
CheckFunctionExists.c:(.text+0x10): undefined reference to `sgemm_'
collect2: error: ld returned 1 exit status
CMakeFiles/cmTC_e0071.dir/build.make:98: recipe for target 'cmTC_e0071' failed
make[1]: *** [cmTC_e0071] Error 1
make[1]: Leaving directory '/home/user/repos/intern_patrick_schuurman/uniLoggerMain/build/CMakeFiles/CMakeScratch/TryCompile-q7Bh6r'
Makefile:127: recipe for target 'cmTC_e0071/fast' failed
make: *** [cmTC_e0071/fast] Error 2



Performing C SOURCE FILE Test CMAKE_HAVE_LIBC_PTHREAD failed with the following output:
Change Dir: /home/user/repos/intern_patrick_schuurman/uniLoggerMain/build/CMakeFiles/CMakeScratch/TryCompile-4lQft2

Run Build Command(s):/usr/bin/make -f Makefile cmTC_ab4a7/fast && /usr/bin/make  -f CMakeFiles/cmTC_ab4a7.dir/build.make CMakeFiles/cmTC_ab4a7.dir/build
make[1]: Entering directory '/home/user/repos/intern_patrick_schuurman/uniLoggerMain/build/CMakeFiles/CMakeScratch/TryCompile-4lQft2'
Building C object CMakeFiles/cmTC_ab4a7.dir/src.c.o
/usr/bin/cc -DCMAKE_HAVE_LIBC_PTHREAD   -o CMakeFiles/cmTC_ab4a7.dir/src.c.o -c /home/user/repos/intern_patrick_schuurman/uniLoggerMain/build/CMakeFiles/CMakeScratch/TryCompile-4lQft2/src.c
Linking C executable cmTC_ab4a7
/usr/local/bin/cmake -E cmake_link_script CMakeFiles/cmTC_ab4a7.dir/link.txt --verbose=1
/usr/bin/cc CMakeFiles/cmTC_ab4a7.dir/src.c.o -o cmTC_ab4a7 
CMakeFiles/cmTC_ab4a7.dir/src.c.o: In function `main':
src.c:(.text+0x48): undefined reference to `pthread_create'
src.c:(.text+0x50): undefined reference to `pthread_detach'
src.c:(.text+0x58): undefined reference to `pthread_cancel'
src.c:(.text+0x64): undefined reference to `pthread_join'
src.c:(.text+0x74): undefined reference to `pthread_atfork'
collect2: error: ld returned 1 exit status
CMakeFiles/cmTC_ab4a7.dir/build.make:98: recipe for target 'cmTC_ab4a7' failed
make[1]: *** [cmTC_ab4a7] Error 1
make[1]: Leaving directory '/home/user/repos/intern_patrick_schuurman/uniLoggerMain/build/CMakeFiles/CMakeScratch/TryCompile-4lQft2'
Makefile:127: recipe for target 'cmTC_ab4a7/fast' failed
make: *** [cmTC_ab4a7/fast] Error 2


Source file was:
#include <pthread.h>

static void* test_func(void* data)
{
  return data;
}

int main(void)
{
  pthread_t thread;
  pthread_create(&thread, NULL, test_func, NULL);
  pthread_detach(thread);
  pthread_cancel(thread);
  pthread_join(thread, NULL);
  pthread_atfork(NULL, NULL, NULL);
  pthread_exit(NULL);

  return 0;
}


Determining if the function pthread_create exists in the pthreads failed with the following output:
Change Dir: /home/user/repos/intern_patrick_schuurman/uniLoggerMain/build/CMakeFiles/CMakeScratch/TryCompile-K9XNYY

Run Build Command(s):/usr/bin/make -f Makefile cmTC_e63b9/fast && /usr/bin/make  -f CMakeFiles/cmTC_e63b9.dir/build.make CMakeFiles/cmTC_e63b9.dir/build
make[1]: Entering directory '/home/user/repos/intern_patrick_schuurman/uniLoggerMain/build/CMakeFiles/CMakeScratch/TryCompile-K9XNYY'
Building C object CMakeFiles/cmTC_e63b9.dir/CheckFunctionExists.c.o
/usr/bin/cc   -DCHECK_FUNCTION_EXISTS=pthread_create -o CMakeFiles/cmTC_e63b9.dir/CheckFunctionExists.c.o -c /home/user/repos/intern_patrick_schuurman/uniLoggerMain/build/CMakeFiles/CMakeScratch/TryCompile-K9XNYY/CheckFunctionExists.c
Linking C executable cmTC_e63b9
/usr/local/bin/cmake -E cmake_link_script CMakeFiles/cmTC_e63b9.dir/link.txt --verbose=1
/usr/bin/cc  -DCHECK_FUNCTION_EXISTS=pthread_create CMakeFiles/cmTC_e63b9.dir/CheckFunctionExists.c.o -o cmTC_e63b9  -lpthreads 
/usr/bin/ld: cannot find -lpthreads
collect2: error: ld returned 1 exit status
CMakeFiles/cmTC_e63b9.dir/build.make:98: recipe for target 'cmTC_e63b9' failed
make[1]: *** [cmTC_e63b9] Error 1
make[1]: Leaving directory '/home/user/repos/intern_patrick_schuurman/uniLoggerMain/build/CMakeFiles/CMakeScratch/TryCompile-K9XNYY'
Makefile:127: recipe for target 'cmTC_e63b9/fast' failed
make: *** [cmTC_e63b9/fast] Error 2



