Determining if the function sgemm_ exists failed with the following output:
Change Dir: /home/user/repos/UniLogWorkspace/uniLogger/build/CMakeFiles/CMakeScratch/TryCompile-V0pi5H

Run Build Command(s):/usr/bin/make -f Makefile cmTC_bb807/fast && /usr/bin/make  -f CMakeFiles/cmTC_bb807.dir/build.make CMakeFiles/cmTC_bb807.dir/build
make[1]: Entering directory '/home/user/repos/UniLogWorkspace/uniLogger/build/CMakeFiles/CMakeScratch/TryCompile-V0pi5H'
Building CXX object CMakeFiles/cmTC_bb807.dir/CheckFunctionExists.cxx.o
/usr/bin/c++   -DCHECK_FUNCTION_EXISTS=sgemm_ -o CMakeFiles/cmTC_bb807.dir/CheckFunctionExists.cxx.o -c /home/user/repos/UniLogWorkspace/uniLogger/build/CMakeFiles/CMakeScratch/TryCompile-V0pi5H/CheckFunctionExists.cxx
Linking CXX executable cmTC_bb807
/usr/local/bin/cmake -E cmake_link_script CMakeFiles/cmTC_bb807.dir/link.txt --verbose=1
/usr/bin/c++  -DCHECK_FUNCTION_EXISTS=sgemm_ CMakeFiles/cmTC_bb807.dir/CheckFunctionExists.cxx.o -o cmTC_bb807 
CMakeFiles/cmTC_bb807.dir/CheckFunctionExists.cxx.o: In function `main':
CheckFunctionExists.cxx:(.text+0x10): undefined reference to `sgemm_'
collect2: error: ld returned 1 exit status
CMakeFiles/cmTC_bb807.dir/build.make:98: recipe for target 'cmTC_bb807' failed
make[1]: *** [cmTC_bb807] Error 1
make[1]: Leaving directory '/home/user/repos/UniLogWorkspace/uniLogger/build/CMakeFiles/CMakeScratch/TryCompile-V0pi5H'
Makefile:127: recipe for target 'cmTC_bb807/fast' failed
make: *** [cmTC_bb807/fast] Error 2



Performing C++ SOURCE FILE Test CMAKE_HAVE_LIBC_PTHREAD failed with the following output:
Change Dir: /home/user/repos/UniLogWorkspace/uniLogger/build/CMakeFiles/CMakeScratch/TryCompile-dlAIcB

Run Build Command(s):/usr/bin/make -f Makefile cmTC_6fe52/fast && /usr/bin/make  -f CMakeFiles/cmTC_6fe52.dir/build.make CMakeFiles/cmTC_6fe52.dir/build
make[1]: Entering directory '/home/user/repos/UniLogWorkspace/uniLogger/build/CMakeFiles/CMakeScratch/TryCompile-dlAIcB'
Building CXX object CMakeFiles/cmTC_6fe52.dir/src.cxx.o
/usr/bin/c++ -DCMAKE_HAVE_LIBC_PTHREAD   -o CMakeFiles/cmTC_6fe52.dir/src.cxx.o -c /home/user/repos/UniLogWorkspace/uniLogger/build/CMakeFiles/CMakeScratch/TryCompile-dlAIcB/src.cxx
Linking CXX executable cmTC_6fe52
/usr/local/bin/cmake -E cmake_link_script CMakeFiles/cmTC_6fe52.dir/link.txt --verbose=1
/usr/bin/c++ CMakeFiles/cmTC_6fe52.dir/src.cxx.o -o cmTC_6fe52 
CMakeFiles/cmTC_6fe52.dir/src.cxx.o: In function `main':
src.cxx:(.text+0x48): undefined reference to `pthread_create'
src.cxx:(.text+0x50): undefined reference to `pthread_detach'
src.cxx:(.text+0x58): undefined reference to `pthread_cancel'
src.cxx:(.text+0x64): undefined reference to `pthread_join'
src.cxx:(.text+0x74): undefined reference to `pthread_atfork'
collect2: error: ld returned 1 exit status
CMakeFiles/cmTC_6fe52.dir/build.make:98: recipe for target 'cmTC_6fe52' failed
make[1]: *** [cmTC_6fe52] Error 1
make[1]: Leaving directory '/home/user/repos/UniLogWorkspace/uniLogger/build/CMakeFiles/CMakeScratch/TryCompile-dlAIcB'
Makefile:127: recipe for target 'cmTC_6fe52/fast' failed
make: *** [cmTC_6fe52/fast] Error 2


Source file was:
#include <pthread.h>

static void* test_func(void* data)
{
  return data;
}

int main(void)
{
  pthread_t thread;
  pthread_create(&thread, NULL, test_func, NULL);
  pthread_detach(thread);
  pthread_cancel(thread);
  pthread_join(thread, NULL);
  pthread_atfork(NULL, NULL, NULL);
  pthread_exit(NULL);

  return 0;
}


Determining if the function pthread_create exists in the pthreads failed with the following output:
Change Dir: /home/user/repos/UniLogWorkspace/uniLogger/build/CMakeFiles/CMakeScratch/TryCompile-CphLvB

Run Build Command(s):/usr/bin/make -f Makefile cmTC_a2eb8/fast && /usr/bin/make  -f CMakeFiles/cmTC_a2eb8.dir/build.make CMakeFiles/cmTC_a2eb8.dir/build
make[1]: Entering directory '/home/user/repos/UniLogWorkspace/uniLogger/build/CMakeFiles/CMakeScratch/TryCompile-CphLvB'
Building CXX object CMakeFiles/cmTC_a2eb8.dir/CheckFunctionExists.cxx.o
/usr/bin/c++   -DCHECK_FUNCTION_EXISTS=pthread_create -o CMakeFiles/cmTC_a2eb8.dir/CheckFunctionExists.cxx.o -c /home/user/repos/UniLogWorkspace/uniLogger/build/CMakeFiles/CMakeScratch/TryCompile-CphLvB/CheckFunctionExists.cxx
Linking CXX executable cmTC_a2eb8
/usr/local/bin/cmake -E cmake_link_script CMakeFiles/cmTC_a2eb8.dir/link.txt --verbose=1
/usr/bin/c++  -DCHECK_FUNCTION_EXISTS=pthread_create CMakeFiles/cmTC_a2eb8.dir/CheckFunctionExists.cxx.o -o cmTC_a2eb8  -lpthreads 
/usr/bin/ld: cannot find -lpthreads
collect2: error: ld returned 1 exit status
CMakeFiles/cmTC_a2eb8.dir/build.make:98: recipe for target 'cmTC_a2eb8' failed
make[1]: *** [cmTC_a2eb8] Error 1
make[1]: Leaving directory '/home/user/repos/UniLogWorkspace/uniLogger/build/CMakeFiles/CMakeScratch/TryCompile-CphLvB'
Makefile:127: recipe for target 'cmTC_a2eb8/fast' failed
make: *** [cmTC_a2eb8/fast] Error 2



Determining if the include file filesystem exists failed with the following output:
Change Dir: /home/user/repos/UniLogWorkspace/uniLogger/build/CMakeFiles/CMakeScratch/TryCompile-R53ely

Run Build Command(s):/usr/bin/make -f Makefile cmTC_c6acf/fast && /usr/bin/make  -f CMakeFiles/cmTC_c6acf.dir/build.make CMakeFiles/cmTC_c6acf.dir/build
make[1]: Entering directory '/home/user/repos/UniLogWorkspace/uniLogger/build/CMakeFiles/CMakeScratch/TryCompile-R53ely'
Building CXX object CMakeFiles/cmTC_c6acf.dir/CheckIncludeFile.cxx.o
/usr/bin/c++   -O2  -std=gnu++1z -o CMakeFiles/cmTC_c6acf.dir/CheckIncludeFile.cxx.o -c /home/user/repos/UniLogWorkspace/uniLogger/build/CMakeFiles/CMakeScratch/TryCompile-R53ely/CheckIncludeFile.cxx
/home/user/repos/UniLogWorkspace/uniLogger/build/CMakeFiles/CMakeScratch/TryCompile-R53ely/CheckIncludeFile.cxx:1:10: fatal error: filesystem: No such file or directory
 #include <filesystem>
          ^~~~~~~~~~~~
compilation terminated.
CMakeFiles/cmTC_c6acf.dir/build.make:77: recipe for target 'CMakeFiles/cmTC_c6acf.dir/CheckIncludeFile.cxx.o' failed
make[1]: *** [CMakeFiles/cmTC_c6acf.dir/CheckIncludeFile.cxx.o] Error 1
make[1]: Leaving directory '/home/user/repos/UniLogWorkspace/uniLogger/build/CMakeFiles/CMakeScratch/TryCompile-R53ely'
Makefile:127: recipe for target 'cmTC_c6acf/fast' failed
make: *** [cmTC_c6acf/fast] Error 2



Performing C++ SOURCE FILE Test CXX_FILESYSTEM_NO_LINK_NEEDED failed with the following compile output:
Change Dir: /home/user/repos/UniLogWorkspace/uniLogger/build/CMakeFiles/CMakeScratch/TryCompile-tUUls3

Run Build Command(s):/usr/bin/make -f Makefile cmTC_931c9/fast && /usr/bin/make  -f CMakeFiles/cmTC_931c9.dir/build.make CMakeFiles/cmTC_931c9.dir/build
make[1]: Entering directory '/home/user/repos/UniLogWorkspace/uniLogger/build/CMakeFiles/CMakeScratch/TryCompile-tUUls3'
Building CXX object CMakeFiles/cmTC_931c9.dir/src.cxx.o
/usr/bin/c++ -DCXX_FILESYSTEM_NO_LINK_NEEDED  -O2  -std=gnu++1z -o CMakeFiles/cmTC_931c9.dir/src.cxx.o -c /home/user/repos/UniLogWorkspace/uniLogger/build/CMakeFiles/CMakeScratch/TryCompile-tUUls3/src.cxx
Linking CXX executable cmTC_931c9
/usr/local/bin/cmake -E cmake_link_script CMakeFiles/cmTC_931c9.dir/link.txt --verbose=1
/usr/bin/c++   -O2  CMakeFiles/cmTC_931c9.dir/src.cxx.o -o cmTC_931c9 
CMakeFiles/cmTC_931c9.dir/src.cxx.o: In function `main':
src.cxx:(.text.startup+0x28): undefined reference to `std::experimental::filesystem::v1::current_path[abi:cxx11]()'
collect2: error: ld returned 1 exit status
CMakeFiles/cmTC_931c9.dir/build.make:98: recipe for target 'cmTC_931c9' failed
make[1]: *** [cmTC_931c9] Error 1
make[1]: Leaving directory '/home/user/repos/UniLogWorkspace/uniLogger/build/CMakeFiles/CMakeScratch/TryCompile-tUUls3'
Makefile:127: recipe for target 'cmTC_931c9/fast' failed
make: *** [cmTC_931c9/fast] Error 2


...and run output:

Return value: 1
Source file was:
        #include <cstdlib>
        #include <experimental/filesystem>

        int main() {
            auto cwd = std::experimental::filesystem::current_path();
            printf("%s", cwd.c_str());
            return EXIT_SUCCESS;
        }
    

